This is XeTeX, Version 3.141592653-2.6-0.999997 (MiKTeX 25.12) (preloaded format=xelatex 2026.1.31)  30 APR 2026 15:42
entering extended mode
 restricted \write18 enabled.
 %&-line parsing enabled.
**./cv_frensh.tex
(cv_frensh.tex
LaTeX2e <2025-11-01>
L3 programming layer <2026-01-19>
(C:\Users\yassinezz\AppData\Local\Programs\MiKTeX\tex/latex/base\article.cls
Document Class: article 2025/01/22 v1.4n Standard LaTeX document class
(C:\Users\yassinezz\AppData\Local\Programs\MiKTeX\tex/latex/base\size11.clo
File: size11.clo 2025/01/22 v1.4n Standard LaTeX file (size option)
)
\c@part=\count271
\c@section=\count272
\c@subsection=\count273
\c@subsubsection=\count274
\c@paragraph=\count275
\c@subparagraph=\count276
\c@figure=\count277
\c@table=\count278
\abovecaptionskip=\skip49
\belowcaptionskip=\skip50
\bibindent=\dimen148
)
(C:\Users\yassinezz\AppData\Local\Programs\MiKTeX\tex/latex/base\fontenc.sty
Package: fontenc 2025/07/18 v2.1d Standard LaTeX package
LaTeX Font Info:    Trying to load font information for T1+lmr on input line 11
6.

(C:\Users\yassinezz\AppData\Local\Programs\MiKTeX\tex/latex/lm\t1lmr.fd
File: t1lmr.fd 2015/05/01 v1.6.1 Font defs for Latin Modern
))
(C:\Users\yassinezz\AppData\Local\Programs\MiKTeX\tex/latex/base\inputenc.sty
Package: inputenc 2024/02/08 v1.3d Input encoding file
\inpenc@prehook=\toks17
\inpenc@posthook=\toks18


Package inputenc Warning: inputenc package ignored with utf8 based engines.

)
(C:\Users\yassinezz\AppData\Local\Programs\MiKTeX\tex/latex/geometry\geometry.s
ty
Package: geometry 2020/01/02 v5.9 Page Geometry

(C:\Users\yassinezz\AppData\Local\Programs\MiKTeX\tex/latex/graphics\keyval.sty
Package: keyval 2022/05/29 v1.15 key=value parser (DPC)
\KV@toks@=\toks19
)
(C:\Users\yassinezz\AppData\Local\Programs\MiKTeX\tex/generic/iftex\ifvtex.sty
Package: ifvtex 2019/10/25 v1.7 ifvtex legacy package. Use iftex instead.

(C:\Users\yassinezz\AppData\Local\Programs\MiKTeX\tex/generic/iftex\iftex.sty
Package: iftex 2024/12/12 v1.0g TeX engine tests
))
\Gm@cnth=\count279
\Gm@cntv=\count280
\c@Gm@tempcnt=\count281
\Gm@bindingoffset=\dimen149
\Gm@wd@mp=\dimen150
\Gm@odd@mp=\dimen151
\Gm@even@mp=\dimen152
\Gm@layoutwidth=\dimen153
\Gm@layoutheight=\dimen154
\Gm@layouthoffset=\dimen155
\Gm@layoutvoffset=\dimen156
\Gm@dimlist=\toks20

(C:\Users\yassinezz\AppData\Local\Programs\MiKTeX\tex/latex/geometry\geometry.c
fg))
(C:\Users\yassinezz\AppData\Local\Programs\MiKTeX\tex/latex/enumitem\enumitem.s
ty
Package: enumitem 2025/02/06 v3.11 Customized lists
\labelindent=\skip51
\enit@outerparindent=\dimen157
\enit@toks=\toks21
\enit@inbox=\box53
\enit@count@id=\count282
\enitdp@description=\count283
)
(C:\Users\yassinezz\AppData\Local\Programs\MiKTeX\tex/latex/titlesec\titlesec.s
ty
Package: titlesec 2025/01/04 v2.17 Sectioning titles
\ttl@box=\box54
\beforetitleunit=\skip52
\aftertitleunit=\skip53
\ttl@plus=\dimen158
\ttl@minus=\dimen159
\ttl@toksa=\toks22
\titlewidth=\dimen160
\titlewidthlast=\dimen161
\titlewidthfirst=\dimen162
)
(C:\Users\yassinezz\AppData\Local\Programs\MiKTeX\tex/latex/hyperref\hyperref.s
ty
Package: hyperref 2026-01-29 v7.01p Hypertext links for LaTeX

(C:\Users\yassinezz\AppData\Local\Programs\MiKTeX\tex/latex/kvsetkeys\kvsetkeys
.sty
Package: kvsetkeys 2022-10-05 v1.19 Key value parser (HO)
)
(C:\Users\yassinezz\AppData\Local\Programs\MiKTeX\tex/generic/kvdefinekeys\kvde
finekeys.sty
Package: kvdefinekeys 2019-12-19 v1.6 Define keys (HO)
)
(C:\Users\yassinezz\AppData\Local\Programs\MiKTeX\tex/generic/pdfescape\pdfesca
pe.sty
Package: pdfescape 2019/12/09 v1.15 Implements pdfTeX's escape features (HO)

(C:\Users\yassinezz\AppData\Local\Programs\MiKTeX\tex/generic/ltxcmds\ltxcmds.s
ty
Package: ltxcmds 2023-12-04 v1.26 LaTeX kernel commands for general use (HO)
)
(C:\Users\yassinezz\AppData\Local\Programs\MiKTeX\tex/generic/pdftexcmds\pdftex
cmds.sty
Package: pdftexcmds 2020-06-27 v0.33 Utility functions of pdfTeX for LuaTeX (HO
)

(C:\Users\yassinezz\AppData\Local\Programs\MiKTeX\tex/generic/infwarerr\infware
rr.sty
Package: infwarerr 2019/12/03 v1.5 Providing info/warning/error messages (HO)
)
Package pdftexcmds Info: \pdf@primitive is available.
Package pdftexcmds Info: \pdf@ifprimitive is available.
Package pdftexcmds Info: \pdfdraftmode not found.
))
(C:\Users\yassinezz\AppData\Local\Programs\MiKTeX\tex/latex/hycolor\hycolor.sty
Package: hycolor 2020-01-27 v1.10 Color options for hyperref/bookmark (HO)
)
(C:\Users\yassinezz\AppData\Local\Programs\MiKTeX\tex/latex/hyperref\nameref.st
y
Package: nameref 2026-01-29 v2.58 Cross-referencing by name of section

(C:\Users\yassinezz\AppData\Local\Programs\MiKTeX\tex/latex/refcount\refcount.s
ty
Package: refcount 2019/12/15 v3.6 Data extraction from label references (HO)
)
(C:\Users\yassinezz\AppData\Local\Programs\MiKTeX\tex/generic/gettitlestring\ge
ttitlestring.sty
Package: gettitlestring 2019/12/15 v1.6 Cleanup title references (HO)

(C:\Users\yassinezz\AppData\Local\Programs\MiKTeX\tex/latex/kvoptions\kvoptions
.sty
Package: kvoptions 2022-06-15 v3.15 Key value format for package options (HO)
))
\c@section@level=\count284
)
(C:\Users\yassinezz\AppData\Local\Programs\MiKTeX\tex/latex/etoolbox\etoolbox.s
ty
Package: etoolbox 2025/10/02 v2.5m e-TeX tools for LaTeX (JAW)
\etb@tempcnta=\count285
)
(C:\Users\yassinezz\AppData\Local\Programs\MiKTeX\tex/generic/stringenc\stringe
nc.sty
Package: stringenc 2019/11/29 v1.12 Convert strings between diff. encodings (HO
)
)
\@linkdim=\dimen163
\Hy@linkcounter=\count286
\Hy@pagecounter=\count287

(C:\Users\yassinezz\AppData\Local\Programs\MiKTeX\tex/latex/hyperref\pd1enc.def
File: pd1enc.def 2026-01-29 v7.01p Hyperref: PDFDocEncoding definition (HO)
)
(C:\Users\yassinezz\AppData\Local\Programs\MiKTeX\tex/generic/intcalc\intcalc.s
ty
Package: intcalc 2019/12/15 v1.3 Expandable calculations with integers (HO)
)
\Hy@SavedSpaceFactor=\count288

(C:\Users\yassinezz\AppData\Local\Programs\MiKTeX\tex/latex/hyperref\puenc.def
File: puenc.def 2026-01-29 v7.01p Hyperref: PDF Unicode definition (HO)
)
Package hyperref Info: Hyper figures OFF on input line 4201.
Package hyperref Info: Link nesting OFF on input line 4206.
Package hyperref Info: Hyper index ON on input line 4209.
Package hyperref Info: Plain pages OFF on input line 4216.
Package hyperref Info: Backreferencing OFF on input line 4221.
Package hyperref Info: Implicit mode ON; LaTeX internals redefined.
Package hyperref Info: Bookmarks ON on input line 4468.
\c@Hy@tempcnt=\count289
(C:\Users\yassinezz\AppData\Local\Programs\MiKTeX\tex/latex/url\url.sty
\Urlmuskip=\muskip17
Package: url 2013/09/16  ver 3.4  Verb mode for urls, etc.
)
LaTeX Info: Redefining \url on input line 4807.
\XeTeXLinkMargin=\dimen164

(C:\Users\yassinezz\AppData\Local\Programs\MiKTeX\tex/generic/bitset\bitset.sty
Package: bitset 2019/12/09 v1.3 Handle bit-vector datatype (HO)

(C:\Users\yassinezz\AppData\Local\Programs\MiKTeX\tex/generic/bigintcalc\bigint
calc.sty
Package: bigintcalc 2019/12/15 v1.5 Expandable calculations on big integers (HO
)
))
\Fld@menulength=\count290
\Field@Width=\dimen165
\Fld@charsize=\dimen166
Package hyperref Info: Hyper figures OFF on input line 6084.
Package hyperref Info: Link nesting OFF on input line 6089.
Package hyperref Info: Hyper index ON on input line 6092.
Package hyperref Info: backreferencing OFF on input line 6099.
Package hyperref Info: Link coloring OFF on input line 6104.
Package hyperref Info: Link coloring with OCG OFF on input line 6109.
Package hyperref Info: PDF/A mode OFF on input line 6114.
\Hy@abspage=\count291
\c@Item=\count292
\c@Hfootnote=\count293
)
Package hyperref Info: Driver (autodetected): hxetex.

(C:\Users\yassinezz\AppData\Local\Programs\MiKTeX\tex/latex/hyperref\hxetex.def
File: hxetex.def 2026-01-29 v7.01p Hyperref driver for XeTeX
\pdfm@box=\box55
\c@Hy@AnnotLevel=\count294
\HyField@AnnotCount=\count295
\Fld@listcount=\count296
\c@bookmark@seq@number=\count297

(C:\Users\yassinezz\AppData\Local\Programs\MiKTeX\tex/latex/rerunfilecheck\reru
nfilecheck.sty
Package: rerunfilecheck 2025-06-21 v1.11 Rerun checks for auxiliary files (HO)

(C:\Users\yassinezz\AppData\Local\Programs\MiKTeX\tex/generic/uniquecounter\uni
quecounter.sty
Package: uniquecounter 2019/12/15 v1.4 Provide unlimited unique counter (HO)
)
Package uniquecounter Info: New unique counter `rerunfilecheck' on input line 2
84.
)
\Hy@SectionHShift=\skip54
)
(C:\Users\yassinezz\AppData\Local\Programs\MiKTeX\tex/latex/graphics\graphicx.s
ty
Package: graphicx 2024/12/31 v1.2e Enhanced LaTeX Graphics (DPC,SPQR)

(C:\Users\yassinezz\AppData\Local\Programs\MiKTeX\tex/latex/graphics\graphics.s
ty
Package: graphics 2024/08/06 v1.4g Standard LaTeX Graphics (DPC,SPQR)

(C:\Users\yassinezz\AppData\Local\Programs\MiKTeX\tex/latex/graphics\trig.sty
Package: trig 2023/12/02 v1.11 sin cos tan (DPC)
)
(C:\Users\yassinezz\AppData\Local\Programs\MiKTeX\tex/latex/graphics-cfg\graphi
cs.cfg
File: graphics.cfg 2016/06/04 v1.11 sample graphics configuration
)
Package graphics Info: Driver file: xetex.def on input line 106.

(C:\Users\yassinezz\AppData\Local\Programs\MiKTeX\tex/latex/graphics-def\xetex.
def
File: xetex.def 2025/11/01 v5.0p Graphics/color driver for xetex
))
\Gin@req@height=\dimen167
\Gin@req@width=\dimen168
)
(C:\Users\yassinezz\AppData\Local\Programs\MiKTeX\tex/latex/xcolor\xcolor.sty
Package: xcolor 2024/09/29 v3.02 LaTeX color extensions (UK)

(C:\Users\yassinezz\AppData\Local\Programs\MiKTeX\tex/latex/graphics-cfg\color.
cfg
File: color.cfg 2016/01/02 v1.6 sample color configuration
)
Package xcolor Info: Driver file: xetex.def on input line 274.

(C:\Users\yassinezz\AppData\Local\Programs\MiKTeX\tex/latex/graphics\mathcolor.
ltx)
Package xcolor Info: Model `cmy' substituted by `cmy0' on input line 1349.
Package xcolor Info: Model `RGB' extended on input line 1365.
Package xcolor Info: Model `HTML' substituted by `rgb' on input line 1367.
Package xcolor Info: Model `Hsb' substituted by `hsb' on input line 1368.
Package xcolor Info: Model `tHsb' substituted by `hsb' on input line 1369.
Package xcolor Info: Model `HSB' substituted by `hsb' on input line 1370.
Package xcolor Info: Model `Gray' substituted by `gray' on input line 1371.
Package xcolor Info: Model `wave' substituted by `hsb' on input line 1372.
)
(C:\Users\yassinezz\AppData\Local\Programs\MiKTeX\tex/latex/tools\tabularx.sty
Package: tabularx 2023/12/11 v2.12a `tabularx' package (DPC)

(C:\Users\yassinezz\AppData\Local\Programs\MiKTeX\tex/latex/tools\array.sty
Package: array 2025/09/25 v2.6n Tabular extension package (FMi)
\col@sep=\dimen169
\ar@mcellbox=\box56
\extrarowheight=\dimen170
\NC@list=\toks23
\extratabsurround=\skip55
\backup@length=\skip56
\ar@cellbox=\box57
)
\TX@col@width=\dimen171
\TX@old@table=\dimen172
\TX@old@col=\dimen173
\TX@target=\dimen174
\TX@delta=\dimen175
\TX@cols=\count298
\TX@ftn=\toks24
)
(C:\Users\yassinezz\AppData\Local\Programs\MiKTeX\tex/latex/pgf/frontendlayer\t
ikz.sty
(C:\Users\yassinezz\AppData\Local\Programs\MiKTeX\tex/latex/pgf/basiclayer\pgf.
sty
(C:\Users\yassinezz\AppData\Local\Programs\MiKTeX\tex/latex/pgf/utilities\pgfrc
s.sty
(C:\Users\yassinezz\AppData\Local\Programs\MiKTeX\tex/generic/pgf/utilities\pgf
util-common.tex
\pgfutil@everybye=\toks25
\pgfutil@tempdima=\dimen176
\pgfutil@tempdimb=\dimen177
)
(C:\Users\yassinezz\AppData\Local\Programs\MiKTeX\tex/generic/pgf/utilities\pgf
util-latex.def
\pgfutil@abb=\box58
)
(C:\Users\yassinezz\AppData\Local\Programs\MiKTeX\tex/generic/pgf/utilities\pgf
rcs.code.tex
(C:\Users\yassinezz\AppData\Local\Programs\MiKTeX\tex/generic/pgf\pgf.revision.
tex)
Package: pgfrcs 2025-08-29 v3.1.11a (3.1.11a)
))
Package: pgf 2025-08-29 v3.1.11a (3.1.11a)

(C:\Users\yassinezz\AppData\Local\Programs\MiKTeX\tex/latex/pgf/basiclayer\pgfc
ore.sty
(C:\Users\yassinezz\AppData\Local\Programs\MiKTeX\tex/latex/pgf/systemlayer\pgf
sys.sty
(C:\Users\yassinezz\AppData\Local\Programs\MiKTeX\tex/generic/pgf/systemlayer\p
gfsys.code.tex
Package: pgfsys 2025-08-29 v3.1.11a (3.1.11a)

(C:\Users\yassinezz\AppData\Local\Programs\MiKTeX\tex/generic/pgf/utilities\pgf
keys.code.tex
\pgfkeys@pathtoks=\toks26
\pgfkeys@temptoks=\toks27

(C:\Users\yassinezz\AppData\Local\Programs\MiKTeX\tex/generic/pgf/utilities\pgf
keyslibraryfiltered.code.tex
\pgfkeys@tmptoks=\toks28
))
\pgf@x=\dimen178
\pgf@y=\dimen179
\pgf@xa=\dimen180
\pgf@ya=\dimen181
\pgf@xb=\dimen182
\pgf@yb=\dimen183
\pgf@xc=\dimen184
\pgf@yc=\dimen185
\pgf@xd=\dimen186
\pgf@yd=\dimen187
\w@pgf@writea=\write3
\r@pgf@reada=\read2
\c@pgf@counta=\count299
\c@pgf@countb=\count300
\c@pgf@countc=\count301
\c@pgf@countd=\count302
\t@pgf@toka=\toks29
\t@pgf@tokb=\toks30
\t@pgf@tokc=\toks31
\pgf@sys@id@count=\count303

(C:\Users\yassinezz\AppData\Local\Programs\MiKTeX\tex/generic/pgf/systemlayer\p
gf.cfg
File: pgf.cfg 2025-08-29 v3.1.11a (3.1.11a)
)
Driver file for pgf: pgfsys-xetex.def

(C:\Users\yassinezz\AppData\Local\Programs\MiKTeX\tex/generic/pgf/systemlayer\p
gfsys-xetex.def
File: pgfsys-xetex.def 2025-08-29 v3.1.11a (3.1.11a)

(C:\Users\yassinezz\AppData\Local\Programs\MiKTeX\tex/generic/pgf/systemlayer\p
gfsys-dvipdfmx.def
File: pgfsys-dvipdfmx.def 2025-08-29 v3.1.11a (3.1.11a)

(C:\Users\yassinezz\AppData\Local\Programs\MiKTeX\tex/generic/pgf/systemlayer\p
gfsys-common-pdf.def
File: pgfsys-common-pdf.def 2025-08-29 v3.1.11a (3.1.11a)
)
\pgfsys@objnum=\count304
)))
(C:\Users\yassinezz\AppData\Local\Programs\MiKTeX\tex/generic/pgf/systemlayer\p
gfsyssoftpath.code.tex
File: pgfsyssoftpath.code.tex 2025-08-29 v3.1.11a (3.1.11a)
\pgfsyssoftpath@smallbuffer@items=\count305
\pgfsyssoftpath@bigbuffer@items=\count306
)
(C:\Users\yassinezz\AppData\Local\Programs\MiKTeX\tex/generic/pgf/systemlayer\p
gfsysprotocol.code.tex
File: pgfsysprotocol.code.tex 2025-08-29 v3.1.11a (3.1.11a)
))
(C:\Users\yassinezz\AppData\Local\Programs\MiKTeX\tex/generic/pgf/basiclayer\pg
fcore.code.tex
Package: pgfcore 2025-08-29 v3.1.11a (3.1.11a)

(C:\Users\yassinezz\AppData\Local\Programs\MiKTeX\tex/generic/pgf/math\pgfmath.
code.tex
(C:\Users\yassinezz\AppData\Local\Programs\MiKTeX\tex/generic/pgf/math\pgfmathu
til.code.tex)
(C:\Users\yassinezz\AppData\Local\Programs\MiKTeX\tex/generic/pgf/math\pgfmathp
arser.code.tex
\pgfmath@dimen=\dimen188
\pgfmath@count=\count307
\pgfmath@box=\box59
\pgfmath@toks=\toks32
\pgfmath@stack@operand=\toks33
\pgfmath@stack@operation=\toks34
)
(C:\Users\yassinezz\AppData\Local\Programs\MiKTeX\tex/generic/pgf/math\pgfmathf
unctions.code.tex)
(C:\Users\yassinezz\AppData\Local\Programs\MiKTeX\tex/generic/pgf/math\pgfmathf
unctions.basic.code.tex)
(C:\Users\yassinezz\AppData\Local\Programs\MiKTeX\tex/generic/pgf/math\pgfmathf
unctions.trigonometric.code.tex)
(C:\Users\yassinezz\AppData\Local\Programs\MiKTeX\tex/generic/pgf/math\pgfmathf
unctions.random.code.tex)
(C:\Users\yassinezz\AppData\Local\Programs\MiKTeX\tex/generic/pgf/math\pgfmathf
unctions.comparison.code.tex)
(C:\Users\yassinezz\AppData\Local\Programs\MiKTeX\tex/generic/pgf/math\pgfmathf
unctions.base.code.tex)
(C:\Users\yassinezz\AppData\Local\Programs\MiKTeX\tex/generic/pgf/math\pgfmathf
unctions.round.code.tex)
(C:\Users\yassinezz\AppData\Local\Programs\MiKTeX\tex/generic/pgf/math\pgfmathf
unctions.misc.code.tex)
(C:\Users\yassinezz\AppData\Local\Programs\MiKTeX\tex/generic/pgf/math\pgfmathf
unctions.integerarithmetics.code.tex)
(C:\Users\yassinezz\AppData\Local\Programs\MiKTeX\tex/generic/pgf/math\pgfmathc
alc.code.tex)
(C:\Users\yassinezz\AppData\Local\Programs\MiKTeX\tex/generic/pgf/math\pgfmathf
loat.code.tex
\c@pgfmathroundto@lastzeros=\count308
))
(C:\Users\yassinezz\AppData\Local\Programs\MiKTeX\tex/generic/pgf/math\pgfint.c
ode.tex)
(C:\Users\yassinezz\AppData\Local\Programs\MiKTeX\tex/generic/pgf/basiclayer\pg
fcorepoints.code.tex
File: pgfcorepoints.code.tex 2025-08-29 v3.1.11a (3.1.11a)
\pgf@picminx=\dimen189
\pgf@picmaxx=\dimen190
\pgf@picminy=\dimen191
\pgf@picmaxy=\dimen192
\pgf@pathminx=\dimen193
\pgf@pathmaxx=\dimen194
\pgf@pathminy=\dimen195
\pgf@pathmaxy=\dimen196
\pgf@xx=\dimen197
\pgf@xy=\dimen198
\pgf@yx=\dimen199
\pgf@yy=\dimen256
\pgf@zx=\dimen257
\pgf@zy=\dimen258
)
(C:\Users\yassinezz\AppData\Local\Programs\MiKTeX\tex/generic/pgf/basiclayer\pg
fcorepathconstruct.code.tex
File: pgfcorepathconstruct.code.tex 2025-08-29 v3.1.11a (3.1.11a)
\pgf@path@lastx=\dimen259
\pgf@path@lasty=\dimen260
)
(C:\Users\yassinezz\AppData\Local\Programs\MiKTeX\tex/generic/pgf/basiclayer\pg
fcorepathusage.code.tex
File: pgfcorepathusage.code.tex 2025-08-29 v3.1.11a (3.1.11a)
\pgf@shorten@end@additional=\dimen261
\pgf@shorten@start@additional=\dimen262
)
(C:\Users\yassinezz\AppData\Local\Programs\MiKTeX\tex/generic/pgf/basiclayer\pg
fcorescopes.code.tex
File: pgfcorescopes.code.tex 2025-08-29 v3.1.11a (3.1.11a)
\pgfpic=\box60
\pgf@hbox=\box61
\pgf@layerbox@main=\box62
\pgf@picture@serial@count=\count309
)
(C:\Users\yassinezz\AppData\Local\Programs\MiKTeX\tex/generic/pgf/basiclayer\pg
fcoregraphicstate.code.tex
File: pgfcoregraphicstate.code.tex 2025-08-29 v3.1.11a (3.1.11a)
\pgflinewidth=\dimen263
)
(C:\Users\yassinezz\AppData\Local\Programs\MiKTeX\tex/generic/pgf/basiclayer\pg
fcoretransformations.code.tex
File: pgfcoretransformations.code.tex 2025-08-29 v3.1.11a (3.1.11a)
\pgf@pt@x=\dimen264
\pgf@pt@y=\dimen265
\pgf@pt@temp=\dimen266
)
(C:\Users\yassinezz\AppData\Local\Programs\MiKTeX\tex/generic/pgf/basiclayer\pg
fcorequick.code.tex
File: pgfcorequick.code.tex 2025-08-29 v3.1.11a (3.1.11a)
)
(C:\Users\yassinezz\AppData\Local\Programs\MiKTeX\tex/generic/pgf/basiclayer\pg
fcoreobjects.code.tex
File: pgfcoreobjects.code.tex 2025-08-29 v3.1.11a (3.1.11a)
)
(C:\Users\yassinezz\AppData\Local\Programs\MiKTeX\tex/generic/pgf/basiclayer\pg
fcorepathprocessing.code.tex
File: pgfcorepathprocessing.code.tex 2025-08-29 v3.1.11a (3.1.11a)
)
(C:\Users\yassinezz\AppData\Local\Programs\MiKTeX\tex/generic/pgf/basiclayer\pg
fcorearrows.code.tex
File: pgfcorearrows.code.tex 2025-08-29 v3.1.11a (3.1.11a)
\pgfarrowsep=\dimen267
)
(C:\Users\yassinezz\AppData\Local\Programs\MiKTeX\tex/generic/pgf/basiclayer\pg
fcoreshade.code.tex
File: pgfcoreshade.code.tex 2025-08-29 v3.1.11a (3.1.11a)
\pgf@max=\dimen268
\pgf@sys@shading@range@num=\count310
\pgf@shadingcount=\count311
)
(C:\Users\yassinezz\AppData\Local\Programs\MiKTeX\tex/generic/pgf/basiclayer\pg
fcoreimage.code.tex
File: pgfcoreimage.code.tex 2025-08-29 v3.1.11a (3.1.11a)
)
(C:\Users\yassinezz\AppData\Local\Programs\MiKTeX\tex/generic/pgf/basiclayer\pg
fcoreexternal.code.tex
File: pgfcoreexternal.code.tex 2025-08-29 v3.1.11a (3.1.11a)
\pgfexternal@startupbox=\box63
)
(C:\Users\yassinezz\AppData\Local\Programs\MiKTeX\tex/generic/pgf/basiclayer\pg
fcorelayers.code.tex
File: pgfcorelayers.code.tex 2025-08-29 v3.1.11a (3.1.11a)
)
(C:\Users\yassinezz\AppData\Local\Programs\MiKTeX\tex/generic/pgf/basiclayer\pg
fcoretransparency.code.tex
File: pgfcoretransparency.code.tex 2025-08-29 v3.1.11a (3.1.11a)
)
(C:\Users\yassinezz\AppData\Local\Programs\MiKTeX\tex/generic/pgf/basiclayer\pg
fcorepatterns.code.tex
File: pgfcorepatterns.code.tex 2025-08-29 v3.1.11a (3.1.11a)
)
(C:\Users\yassinezz\AppData\Local\Programs\MiKTeX\tex/generic/pgf/basiclayer\pg
fcorerdf.code.tex
File: pgfcorerdf.code.tex 2025-08-29 v3.1.11a (3.1.11a)
)))
(C:\Users\yassinezz\AppData\Local\Programs\MiKTeX\tex/generic/pgf/modules\pgfmo
duleshapes.code.tex
File: pgfmoduleshapes.code.tex 2025-08-29 v3.1.11a (3.1.11a)
\pgfnodeparttextbox=\box64
)
(C:\Users\yassinezz\AppData\Local\Programs\MiKTeX\tex/generic/pgf/modules\pgfmo
duleplot.code.tex
File: pgfmoduleplot.code.tex 2025-08-29 v3.1.11a (3.1.11a)
)
(C:\Users\yassinezz\AppData\Local\Programs\MiKTeX\tex/latex/pgf/compatibility\p
gfcomp-version-0-65.sty
Package: pgfcomp-version-0-65 2025-08-29 v3.1.11a (3.1.11a)
\pgf@nodesepstart=\dimen269
\pgf@nodesepend=\dimen270
)
(C:\Users\yassinezz\AppData\Local\Programs\MiKTeX\tex/latex/pgf/compatibility\p
gfcomp-version-1-18.sty
Package: pgfcomp-version-1-18 2025-08-29 v3.1.11a (3.1.11a)
))
(C:\Users\yassinezz\AppData\Local\Programs\MiKTeX\tex/latex/pgf/utilities\pgffo
r.sty
(C:\Users\yassinezz\AppData\Local\Programs\MiKTeX\tex/latex/pgf/utilities\pgfke
ys.sty
(C:\Users\yassinezz\AppData\Local\Programs\MiKTeX\tex/generic/pgf/utilities\pgf
keys.code.tex))
(C:\Users\yassinezz\AppData\Local\Programs\MiKTeX\tex/latex/pgf/math\pgfmath.st
y
(C:\Users\yassinezz\AppData\Local\Programs\MiKTeX\tex/generic/pgf/math\pgfmath.
code.tex))
(C:\Users\yassinezz\AppData\Local\Programs\MiKTeX\tex/generic/pgf/utilities\pgf
for.code.tex
Package: pgffor 2025-08-29 v3.1.11a (3.1.11a)
\pgffor@iter=\dimen271
\pgffor@skip=\dimen272
\pgffor@stack=\toks35
\pgffor@toks=\toks36
))
(C:\Users\yassinezz\AppData\Local\Programs\MiKTeX\tex/generic/pgf/frontendlayer
/tikz\tikz.code.tex
Package: tikz 2025-08-29 v3.1.11a (3.1.11a)

(C:\Users\yassinezz\AppData\Local\Programs\MiKTeX\tex/generic/pgf/libraries\pgf
libraryplothandlers.code.tex
File: pgflibraryplothandlers.code.tex 2025-08-29 v3.1.11a (3.1.11a)
\pgf@plot@mark@count=\count312
\pgfplotmarksize=\dimen273
)
\tikz@lastx=\dimen274
\tikz@lasty=\dimen275
\tikz@lastxsaved=\dimen276
\tikz@lastysaved=\dimen277
\tikz@lastmovetox=\dimen278
\tikz@lastmovetoy=\dimen279
\tikzleveldistance=\dimen280
\tikzsiblingdistance=\dimen281
\tikz@figbox=\box65
\tikz@figbox@bg=\box66
\tikz@tempbox=\box67
\tikz@tempbox@bg=\box68
\tikztreelevel=\count313
\tikznumberofchildren=\count314
\tikznumberofcurrentchild=\count315
\tikz@fig@count=\count316

(C:\Users\yassinezz\AppData\Local\Programs\MiKTeX\tex/generic/pgf/modules\pgfmo
dulematrix.code.tex
File: pgfmodulematrix.code.tex 2025-08-29 v3.1.11a (3.1.11a)
\pgfmatrixcurrentrow=\count317
\pgfmatrixcurrentcolumn=\count318
\pgf@matrix@numberofcolumns=\count319
)
\tikz@expandcount=\count320

(C:\Users\yassinezz\AppData\Local\Programs\MiKTeX\tex/generic/pgf/frontendlayer
/tikz/libraries\tikzlibrarytopaths.code.tex
File: tikzlibrarytopaths.code.tex 2025-08-29 v3.1.11a (3.1.11a)
)))
(C:\Users\yassinezz\AppData\Local\Programs\MiKTeX\tex/latex/l3backend\l3backend
-xetex.def
File: l3backend-xetex.def 2025-10-09 L3 backend support: XeTeX
\g__graphics_track_int=\count321
\g__pdfannot_backend_int=\count322
\g__pdfannot_backend_link_int=\count323
) (cv_frensh.aux)
\openout1 = `cv_frensh.aux'.

LaTeX Font Info:    Checking defaults for OML/cmm/m/it on input line 45.
LaTeX Font Info:    ... okay on input line 45.
LaTeX Font Info:    Checking defaults for OMS/cmsy/m/n on input line 45.
LaTeX Font Info:    ... okay on input line 45.
LaTeX Font Info:    Checking defaults for OT1/cmr/m/n on input line 45.
LaTeX Font Info:    ... okay on input line 45.
LaTeX Font Info:    Checking defaults for T1/cmr/m/n on input line 45.
LaTeX Font Info:    ... okay on input line 45.
LaTeX Font Info:    Checking defaults for TS1/cmr/m/n on input line 45.
LaTeX Font Info:    ... okay on input line 45.
LaTeX Font Info:    Checking defaults for TU/lmr/m/n on input line 45.
LaTeX Font Info:    ... okay on input line 45.
LaTeX Font Info:    Checking defaults for OMX/cmex/m/n on input line 45.
LaTeX Font Info:    ... okay on input line 45.
LaTeX Font Info:    Checking defaults for U/cmr/m/n on input line 45.
LaTeX Font Info:    ... okay on input line 45.
LaTeX Font Info:    Checking defaults for PD1/pdf/m/n on input line 45.
LaTeX Font Info:    ... okay on input line 45.
LaTeX Font Info:    Checking defaults for PU/pdf/m/n on input line 45.
LaTeX Font Info:    ... okay on input line 45.

*geometry* driver: auto-detecting
*geometry* detected driver: xetex
*geometry* verbose mode - [ preamble ] result:
* driver: xetex
* paper: a4paper
* layout: <same size as paper>
* layoutoffset:(h,v)=(0.0pt,0.0pt)
* modes: 
* h-part:(L,W,R)=(32.72049pt, 532.0669pt, 32.72049pt)
* v-part:(T,H,B)=(32.72049pt, 779.60587pt, 32.72049pt)
* \paperwidth=597.50787pt
* \paperheight=845.04684pt
* \textwidth=532.0669pt
* \textheight=779.60587pt
* \oddsidemargin=-39.5495pt
* \evensidemargin=-39.5495pt
* \topmargin=-76.5495pt
* \headheight=12.0pt
* \headsep=25.0pt
* \topskip=11.0pt
* \footskip=30.0pt
* \marginparwidth=50.0pt
* \marginparsep=10.0pt
* \columnsep=10.0pt
* \skip\footins=10.0pt plus 4.0pt minus 2.0pt
* \hoffset=0.0pt
* \voffset=0.0pt
* \mag=1000
* \@twocolumnfalse
* \@twosidefalse
* \@mparswitchfalse
* \@reversemarginfalse
* (1in=72.27pt=25.4mm, 1cm=28.453pt)

Package hyperref Info: Link coloring OFF on input line 45.
(cv_frensh.out) (cv_frensh.out)
\@outlinefile=\write4
\openout4 = `cv_frensh.out'.

LaTeX Font Info:    External font `cmex10' loaded for size
(Font)              <10.95> on input line 52.
LaTeX Font Info:    External font `cmex10' loaded for size
(Font)              <8> on input line 52.
LaTeX Font Info:    External font `cmex10' loaded for size
(Font)              <6> on input line 52.
File: profile_pic.jpg Graphic file (type bmp)
<profile_pic.jpg>

Missing character: There is no ’ in font ec-lmr10!
Missing character: There is no ’ in font ec-lmr10!
Missing character: There is no ’ in font ec-lmr10!
Missing character: There is no ’ in font ec-lmr10!
Missing character: There is no ’ in font ec-lmr10!
Missing character: There is no ’ in font ec-lmr10!
Missing character: There is no ’ in font ec-lmr10!
Missing character: There is no ’ in font ec-lmr10!
Missing character: There is no ’ in font ec-lmr10!
Missing character: There is no ’ in font ec-lmbx10!
Missing character: There is no ’ in font ec-lmbx10!
Missing character: There is no ’ in font ec-lmbx10!
Missing character: There is no ’ in font ec-lmbx10!
Missing character: There is no ’ in font ec-lmbx10!
Missing character: There is no ’ in font ec-lmbx10!
Missing character: There is no ’ in font ec-lmbx10!
Missing character: There is no ’ in font ec-lmbx10!
Missing character: There is no ’ in font ec-lmbx10!
[1

] (cv_frensh.aux)
 ***********
LaTeX2e <2025-11-01>
L3 programming layer <2026-01-19>
 ***********
Package rerunfilecheck Info: File `cv_frensh.out' has not changed.
(rerunfilecheck)             Checksum: D41D8CD98F00B204E9800998ECF8427E;0.
 ) 
Here is how much of TeX's memory you used:
 19933 strings out of 402982
 366306 string characters out of 5447639
 777900 words of memory out of 5000000
 48377 multiletter control sequences out of 15000+600000
 653451 words of font info for 59 fonts, out of 8000000 for 9000
 1348 hyphenation exceptions out of 8191
 84i,8n,94p,401b,621s stack positions out of 10000i,1000n,20000p,200000b,200000s

Output written on cv_frensh.pdf (1 page).
